<?xml version="1.0" encoding="UTF-8"?>
<testsuite xmlns:xsi="http://www.w3.org/2001/XMLSchema-instance" xsi:noNamespaceSchemaLocation="https://maven.apache.org/surefire/maven-surefire-plugin/xsd/surefire-test-report.xsd" name="runners.TestCreateOKRRunner" time="200.667" tests="53" errors="4" skipped="22" failures="0">
  <properties>
    <property name="sun.desktop" value="windows"/>
    <property name="awt.toolkit" value="sun.awt.windows.WToolkit"/>
    <property name="java.specification.version" value="10"/>
    <property name="file.encoding.pkg" value="sun.io"/>
    <property name="sun.cpu.isalist" value="amd64"/>
    <property name="sun.jnu.encoding" value="Cp1252"/>
    <property name="java.class.path" value="C:\Users\ayush\Desktop\Deepanjali\newDemo1\target\test-classes;C:\Users\ayush\Desktop\Deepanjali\newDemo1\target\classes;C:\Users\ayush\.m2\repository\org\seleniumhq\selenium\selenium-server\3.141.59\selenium-server-3.141.59.jar;C:\Users\ayush\.m2\repository\org\seleniumhq\selenium\selenium-api\3.141.59\selenium-api-3.141.59.jar;C:\Users\ayush\.m2\repository\org\seleniumhq\selenium\selenium-chrome-driver\3.141.59\selenium-chrome-driver-3.141.59.jar;C:\Users\ayush\.m2\repository\org\seleniumhq\selenium\selenium-edge-driver\3.141.59\selenium-edge-driver-3.141.59.jar;C:\Users\ayush\.m2\repository\org\seleniumhq\selenium\selenium-ie-driver\3.141.59\selenium-ie-driver-3.141.59.jar;C:\Users\ayush\.m2\repository\org\seleniumhq\selenium\selenium-opera-driver\3.141.59\selenium-opera-driver-3.141.59.jar;C:\Users\ayush\.m2\repository\org\seleniumhq\selenium\selenium-remote-driver\3.141.59\selenium-remote-driver-3.141.59.jar;C:\Users\ayush\.m2\repository\org\seleniumhq\selenium\selenium-safari-driver\3.141.59\selenium-safari-driver-3.141.59.jar;C:\Users\ayush\.m2\repository\org\seleniumhq\selenium\selenium-support\3.141.59\selenium-support-3.141.59.jar;C:\Users\ayush\.m2\repository\com\beust\jcommander\1.72\jcommander-1.72.jar;C:\Users\ayush\.m2\repository\net\bytebuddy\byte-buddy\1.8.15\byte-buddy-1.8.15.jar;C:\Users\ayush\.m2\repository\org\apache\commons\commons-exec\1.3\commons-exec-1.3.jar;C:\Users\ayush\.m2\repository\com\google\guava\guava\25.0-jre\guava-25.0-jre.jar;C:\Users\ayush\.m2\repository\com\google\code\findbugs\jsr305\1.3.9\jsr305-1.3.9.jar;C:\Users\ayush\.m2\repository\org\checkerframework\checker-compat-qual\2.0.0\checker-compat-qual-2.0.0.jar;C:\Users\ayush\.m2\repository\com\google\errorprone\error_prone_annotations\2.1.3\error_prone_annotations-2.1.3.jar;C:\Users\ayush\.m2\repository\com\google\j2objc\j2objc-annotations\1.1\j2objc-annotations-1.1.jar;C:\Users\ayush\.m2\repository\org\codehaus\mojo\animal-sniffer-annotations\1.14\animal-sniffer-annotations-1.14.jar;C:\Users\ayush\.m2\repository\net\jcip\jcip-annotations\1.0\jcip-annotations-1.0.jar;C:\Users\ayush\.m2\repository\org\seleniumhq\selenium\jetty-repacked\9.4.12.v20180830\jetty-repacked-9.4.12.v20180830.jar;C:\Users\ayush\.m2\repository\com\squareup\okhttp3\okhttp\3.11.0\okhttp-3.11.0.jar;C:\Users\ayush\.m2\repository\com\squareup\okio\okio\1.14.0\okio-1.14.0.jar;C:\Users\ayush\.m2\repository\javax\servlet\javax.servlet-api\3.1.0\javax.servlet-api-3.1.0.jar;C:\Users\ayush\.m2\repository\org\yaml\snakeyaml\1.19\snakeyaml-1.19.jar;C:\Users\ayush\.m2\repository\org\seleniumhq\selenium\selenium-firefox-driver\3.141.59\selenium-firefox-driver-3.141.59.jar;C:\Users\ayush\.m2\repository\info\cukes\cucumber-core\1.2.5\cucumber-core-1.2.5.jar;C:\Users\ayush\.m2\repository\info\cukes\cucumber-html\0.2.3\cucumber-html-0.2.3.jar;C:\Users\ayush\.m2\repository\info\cukes\gherkin\2.12.2\gherkin-2.12.2.jar;C:\Users\ayush\.m2\repository\info\cukes\cucumber-java\1.2.5\cucumber-java-1.2.5.jar;C:\Users\ayush\.m2\repository\info\cukes\cucumber-junit\1.2.5\cucumber-junit-1.2.5.jar;C:\Users\ayush\.m2\repository\org\apache\poi\poi\4.1.1\poi-4.1.1.jar;C:\Users\ayush\.m2\repository\commons-codec\commons-codec\1.13\commons-codec-1.13.jar;C:\Users\ayush\.m2\repository\org\apache\commons\commons-collections4\4.4\commons-collections4-4.4.jar;C:\Users\ayush\.m2\repository\org\apache\commons\commons-math3\3.6.1\commons-math3-3.6.1.jar;C:\Users\ayush\.m2\repository\io\cucumber\gherkin\9.0.0\gherkin-9.0.0.jar;C:\Users\ayush\.m2\repository\io\cucumber\messages\8.0.0\messages-8.0.0.jar;C:\Users\ayush\.m2\repository\junit\junit\4.11\junit-4.11.jar;C:\Users\ayush\.m2\repository\org\hamcrest\hamcrest-core\1.3\hamcrest-core-1.3.jar;C:\Users\ayush\.m2\repository\junit\junit-dep\4.8.2\junit-dep-4.8.2.jar;C:\Users\ayush\.m2\repository\com\tngtech\java\junit-dataprovider\1.9.2\junit-dataprovider-1.9.2.jar;C:\Users\ayush\.m2\repository\org\mockito\mockito-all\1.10.19\mockito-all-1.10.19.jar;C:\Users\ayush\.m2\repository\org\apache\maven\shared\file-management\1.2.1\file-management-1.2.1.jar;C:\Users\ayush\.m2\repository\org\apache\maven\maven-plugin-api\2.0.6\maven-plugin-api-2.0.6.jar;C:\Users\ayush\.m2\repository\org\apache\maven\shared\maven-shared-io\1.1\maven-shared-io-1.1.jar;C:\Users\ayush\.m2\repository\org\apache\maven\maven-artifact\2.0.2\maven-artifact-2.0.2.jar;C:\Users\ayush\.m2\repository\org\apache\maven\maven-artifact-manager\2.0.2\maven-artifact-manager-2.0.2.jar;C:\Users\ayush\.m2\repository\org\apache\maven\maven-repository-metadata\2.0.2\maven-repository-metadata-2.0.2.jar;C:\Users\ayush\.m2\repository\org\apache\maven\wagon\wagon-provider-api\1.0-alpha-6\wagon-provider-api-1.0-alpha-6.jar;C:\Users\ayush\.m2\repository\org\codehaus\plexus\plexus-utils\1.5.6\plexus-utils-1.5.6.jar;C:\Users\ayush\.m2\repository\org\codehaus\plexus\plexus-container-default\1.0-alpha-9\plexus-container-default-1.0-alpha-9.jar;C:\Users\ayush\.m2\repository\classworlds\classworlds\1.1-alpha-2\classworlds-1.1-alpha-2.jar;C:\Users\ayush\.m2\repository\org\freemarker\freemarker\2.3.23\freemarker-2.3.23.jar;C:\Users\ayush\.m2\repository\com\vimalselvam\cucumber-extentsreport\3.0.2\cucumber-extentsreport-3.0.2.jar;C:\Users\ayush\.m2\repository\com\aventstack\extentreports\3.1.2\extentreports-3.1.2.jar;C:\Users\ayush\.m2\repository\org\mongodb\mongodb-driver\3.3.0\mongodb-driver-3.3.0.jar;C:\Users\ayush\.m2\repository\org\mongodb\bson\3.3.0\bson-3.3.0.jar;C:\Users\ayush\.m2\repository\org\mongodb\mongodb-driver-core\3.3.0\mongodb-driver-core-3.3.0.jar;C:\Users\ayush\.m2\repository\org\apache\httpcomponents\httpclient\4.5.2\httpclient-4.5.2.jar;C:\Users\ayush\.m2\repository\org\apache\httpcomponents\httpcore\4.4.4\httpcore-4.4.4.jar;C:\Users\ayush\.m2\repository\commons-logging\commons-logging\1.2\commons-logging-1.2.jar;C:\Users\ayush\.m2\repository\org\apache\httpcomponents\httpmime\4.5.2\httpmime-4.5.2.jar;C:\Users\ayush\.m2\repository\org\jsoup\jsoup\1.9.2\jsoup-1.9.2.jar;C:\Users\ayush\.m2\repository\com\google\code\gson\gson\2.8.0\gson-2.8.0.jar;C:\Users\ayush\.m2\repository\info\cukes\cucumber-jvm-deps\1.0.5\cucumber-jvm-deps-1.0.5.jar;C:\Users\ayush\.m2\repository\org\hamcrest\hamcrest-all\1.3\hamcrest-all-1.3.jar;C:\Users\ayush\.m2\repository\org\seleniumhq\selenium\selenium-java\3.141.59\selenium-java-3.141.59.jar;C:\Users\ayush\.m2\repository\com\codeborne\phantomjsdriver\1.2.1\phantomjsdriver-1.2.1.jar;"/>
    <property name="java.vm.vendor" value="&quot;Oracle Corporation&quot;"/>
    <property name="sun.arch.data.model" value="64"/>
    <property name="user.variant" value=""/>
    <property name="java.vendor.url" value="http://java.oracle.com/"/>
    <property name="user.timezone" value="Asia/Calcutta"/>
    <property name="java.vm.specification.version" value="10"/>
    <property name="os.name" value="Windows 10"/>
    <property name="sun.java.launcher" value="SUN_STANDARD"/>
    <property name="user.country" value="IN"/>
    <property name="sun.boot.library.path" value="C:\Program Files\Java\jdk\bin"/>
    <property name="sun.java.command" value="C:\Users\ayush\AppData\Local\Temp\surefire14521110501877946746\surefirebooter4100835728425277502.jar C:\Users\ayush\AppData\Local\Temp\surefire14521110501877946746 2020-05-13T14-45-36_755-jvmRun1 surefire13745111816941173694tmp surefire_0667075090287936194tmp"/>
    <property name="jdk.debug" value="release"/>
    <property name="surefire.test.class.path" value="C:\Users\ayush\Desktop\Deepanjali\newDemo1\target\test-classes;C:\Users\ayush\Desktop\Deepanjali\newDemo1\target\classes;C:\Users\ayush\.m2\repository\org\seleniumhq\selenium\selenium-server\3.141.59\selenium-server-3.141.59.jar;C:\Users\ayush\.m2\repository\org\seleniumhq\selenium\selenium-api\3.141.59\selenium-api-3.141.59.jar;C:\Users\ayush\.m2\repository\org\seleniumhq\selenium\selenium-chrome-driver\3.141.59\selenium-chrome-driver-3.141.59.jar;C:\Users\ayush\.m2\repository\org\seleniumhq\selenium\selenium-edge-driver\3.141.59\selenium-edge-driver-3.141.59.jar;C:\Users\ayush\.m2\repository\org\seleniumhq\selenium\selenium-ie-driver\3.141.59\selenium-ie-driver-3.141.59.jar;C:\Users\ayush\.m2\repository\org\seleniumhq\selenium\selenium-opera-driver\3.141.59\selenium-opera-driver-3.141.59.jar;C:\Users\ayush\.m2\repository\org\seleniumhq\selenium\selenium-remote-driver\3.141.59\selenium-remote-driver-3.141.59.jar;C:\Users\ayush\.m2\repository\org\seleniumhq\selenium\selenium-safari-driver\3.141.59\selenium-safari-driver-3.141.59.jar;C:\Users\ayush\.m2\repository\org\seleniumhq\selenium\selenium-support\3.141.59\selenium-support-3.141.59.jar;C:\Users\ayush\.m2\repository\com\beust\jcommander\1.72\jcommander-1.72.jar;C:\Users\ayush\.m2\repository\net\bytebuddy\byte-buddy\1.8.15\byte-buddy-1.8.15.jar;C:\Users\ayush\.m2\repository\org\apache\commons\commons-exec\1.3\commons-exec-1.3.jar;C:\Users\ayush\.m2\repository\com\google\guava\guava\25.0-jre\guava-25.0-jre.jar;C:\Users\ayush\.m2\repository\com\google\code\findbugs\jsr305\1.3.9\jsr305-1.3.9.jar;C:\Users\ayush\.m2\repository\org\checkerframework\checker-compat-qual\2.0.0\checker-compat-qual-2.0.0.jar;C:\Users\ayush\.m2\repository\com\google\errorprone\error_prone_annotations\2.1.3\error_prone_annotations-2.1.3.jar;C:\Users\ayush\.m2\repository\com\google\j2objc\j2objc-annotations\1.1\j2objc-annotations-1.1.jar;C:\Users\ayush\.m2\repository\org\codehaus\mojo\animal-sniffer-annotations\1.14\animal-sniffer-annotations-1.14.jar;C:\Users\ayush\.m2\repository\net\jcip\jcip-annotations\1.0\jcip-annotations-1.0.jar;C:\Users\ayush\.m2\repository\org\seleniumhq\selenium\jetty-repacked\9.4.12.v20180830\jetty-repacked-9.4.12.v20180830.jar;C:\Users\ayush\.m2\repository\com\squareup\okhttp3\okhttp\3.11.0\okhttp-3.11.0.jar;C:\Users\ayush\.m2\repository\com\squareup\okio\okio\1.14.0\okio-1.14.0.jar;C:\Users\ayush\.m2\repository\javax\servlet\javax.servlet-api\3.1.0\javax.servlet-api-3.1.0.jar;C:\Users\ayush\.m2\repository\org\yaml\snakeyaml\1.19\snakeyaml-1.19.jar;C:\Users\ayush\.m2\repository\org\seleniumhq\selenium\selenium-firefox-driver\3.141.59\selenium-firefox-driver-3.141.59.jar;C:\Users\ayush\.m2\repository\info\cukes\cucumber-core\1.2.5\cucumber-core-1.2.5.jar;C:\Users\ayush\.m2\repository\info\cukes\cucumber-html\0.2.3\cucumber-html-0.2.3.jar;C:\Users\ayush\.m2\repository\info\cukes\gherkin\2.12.2\gherkin-2.12.2.jar;C:\Users\ayush\.m2\repository\info\cukes\cucumber-java\1.2.5\cucumber-java-1.2.5.jar;C:\Users\ayush\.m2\repository\info\cukes\cucumber-junit\1.2.5\cucumber-junit-1.2.5.jar;C:\Users\ayush\.m2\repository\org\apache\poi\poi\4.1.1\poi-4.1.1.jar;C:\Users\ayush\.m2\repository\commons-codec\commons-codec\1.13\commons-codec-1.13.jar;C:\Users\ayush\.m2\repository\org\apache\commons\commons-collections4\4.4\commons-collections4-4.4.jar;C:\Users\ayush\.m2\repository\org\apache\commons\commons-math3\3.6.1\commons-math3-3.6.1.jar;C:\Users\ayush\.m2\repository\io\cucumber\gherkin\9.0.0\gherkin-9.0.0.jar;C:\Users\ayush\.m2\repository\io\cucumber\messages\8.0.0\messages-8.0.0.jar;C:\Users\ayush\.m2\repository\junit\junit\4.11\junit-4.11.jar;C:\Users\ayush\.m2\repository\org\hamcrest\hamcrest-core\1.3\hamcrest-core-1.3.jar;C:\Users\ayush\.m2\repository\junit\junit-dep\4.8.2\junit-dep-4.8.2.jar;C:\Users\ayush\.m2\repository\com\tngtech\java\junit-dataprovider\1.9.2\junit-dataprovider-1.9.2.jar;C:\Users\ayush\.m2\repository\org\mockito\mockito-all\1.10.19\mockito-all-1.10.19.jar;C:\Users\ayush\.m2\repository\org\apache\maven\shared\file-management\1.2.1\file-management-1.2.1.jar;C:\Users\ayush\.m2\repository\org\apache\maven\maven-plugin-api\2.0.6\maven-plugin-api-2.0.6.jar;C:\Users\ayush\.m2\repository\org\apache\maven\shared\maven-shared-io\1.1\maven-shared-io-1.1.jar;C:\Users\ayush\.m2\repository\org\apache\maven\maven-artifact\2.0.2\maven-artifact-2.0.2.jar;C:\Users\ayush\.m2\repository\org\apache\maven\maven-artifact-manager\2.0.2\maven-artifact-manager-2.0.2.jar;C:\Users\ayush\.m2\repository\org\apache\maven\maven-repository-metadata\2.0.2\maven-repository-metadata-2.0.2.jar;C:\Users\ayush\.m2\repository\org\apache\maven\wagon\wagon-provider-api\1.0-alpha-6\wagon-provider-api-1.0-alpha-6.jar;C:\Users\ayush\.m2\repository\org\codehaus\plexus\plexus-utils\1.5.6\plexus-utils-1.5.6.jar;C:\Users\ayush\.m2\repository\org\codehaus\plexus\plexus-container-default\1.0-alpha-9\plexus-container-default-1.0-alpha-9.jar;C:\Users\ayush\.m2\repository\classworlds\classworlds\1.1-alpha-2\classworlds-1.1-alpha-2.jar;C:\Users\ayush\.m2\repository\org\freemarker\freemarker\2.3.23\freemarker-2.3.23.jar;C:\Users\ayush\.m2\repository\com\vimalselvam\cucumber-extentsreport\3.0.2\cucumber-extentsreport-3.0.2.jar;C:\Users\ayush\.m2\repository\com\aventstack\extentreports\3.1.2\extentreports-3.1.2.jar;C:\Users\ayush\.m2\repository\org\mongodb\mongodb-driver\3.3.0\mongodb-driver-3.3.0.jar;C:\Users\ayush\.m2\repository\org\mongodb\bson\3.3.0\bson-3.3.0.jar;C:\Users\ayush\.m2\repository\org\mongodb\mongodb-driver-core\3.3.0\mongodb-driver-core-3.3.0.jar;C:\Users\ayush\.m2\repository\org\apache\httpcomponents\httpclient\4.5.2\httpclient-4.5.2.jar;C:\Users\ayush\.m2\repository\org\apache\httpcomponents\httpcore\4.4.4\httpcore-4.4.4.jar;C:\Users\ayush\.m2\repository\commons-logging\commons-logging\1.2\commons-logging-1.2.jar;C:\Users\ayush\.m2\repository\org\apache\httpcomponents\httpmime\4.5.2\httpmime-4.5.2.jar;C:\Users\ayush\.m2\repository\org\jsoup\jsoup\1.9.2\jsoup-1.9.2.jar;C:\Users\ayush\.m2\repository\com\google\code\gson\gson\2.8.0\gson-2.8.0.jar;C:\Users\ayush\.m2\repository\info\cukes\cucumber-jvm-deps\1.0.5\cucumber-jvm-deps-1.0.5.jar;C:\Users\ayush\.m2\repository\org\hamcrest\hamcrest-all\1.3\hamcrest-all-1.3.jar;C:\Users\ayush\.m2\repository\org\seleniumhq\selenium\selenium-java\3.141.59\selenium-java-3.141.59.jar;C:\Users\ayush\.m2\repository\com\codeborne\phantomjsdriver\1.2.1\phantomjsdriver-1.2.1.jar;"/>
    <property name="sun.cpu.endian" value="little"/>
    <property name="user.home" value="C:\Users\ayush"/>
    <property name="user.language" value="en"/>
    <property name="java.specification.vendor" value="Oracle Corporation"/>
    <property name="java.version.date" value="2018-07-17"/>
    <property name="java.home" value="C:\Program Files\Java\jdk"/>
    <property name="file.separator" value="\"/>
    <property name="basedir" value="C:\Users\ayush\Desktop\Deepanjali\newDemo1"/>
    <property name="java.vm.compressedOopsMode" value="32-bit"/>
    <property name="line.separator" value="&#10;"/>
    <property name="java.specification.name" value="Java Platform API Specification"/>
    <property name="java.vm.specification.vendor" value="Oracle Corporation"/>
    <property name="java.awt.graphicsenv" value="sun.awt.Win32GraphicsEnvironment"/>
    <property name="surefire.real.class.path" value="C:\Users\ayush\AppData\Local\Temp\surefire14521110501877946746\surefirebooter4100835728425277502.jar"/>
    <property name="user.script" value=""/>
    <property name="sun.management.compiler" value="HotSpot 64-Bit Tiered Compilers"/>
    <property name="java.runtime.version" value="10.0.2+13"/>
    <property name="user.name" value="ayush"/>
    <property name="path.separator" value=";"/>
    <property name="os.version" value="10.0"/>
    <property name="java.runtime.name" value="Java(TM) SE Runtime Environment"/>
    <property name="file.encoding" value="Cp1252"/>
    <property name="java.vm.name" value="Java HotSpot(TM) 64-Bit Server VM"/>
    <property name="java.vendor.version" value="18.3"/>
    <property name="localRepository" value="C:\Users\ayush\.m2\repository"/>
    <property name="java.vendor.url.bug" value="http://bugreport.java.com/bugreport/"/>
    <property name="java.io.tmpdir" value="C:\Users\ayush\AppData\Local\Temp\"/>
    <property name="java.version" value="10.0.2"/>
    <property name="user.dir" value="C:\Users\ayush\Desktop\Deepanjali\newDemo1"/>
    <property name="os.arch" value="amd64"/>
    <property name="java.vm.specification.name" value="Java Virtual Machine Specification"/>
    <property name="java.awt.printerjob" value="sun.awt.windows.WPrinterJob"/>
    <property name="sun.os.patch.level" value=""/>
    <property name="java.library.path" value="C:\Program Files\Java\jdk\bin;C:\WINDOWS\Sun\Java\bin;C:\WINDOWS\system32;C:\WINDOWS;C:/Program Files/Java/jdk/bin/server;C:/Program Files/Java/jdk/bin;C:\Program Files (x86)\Common Files\Oracle\Java\javapath;C:\WINDOWS\system32;C:\WINDOWS;C:\WINDOWS\System32\Wbem;C:\WINDOWS\System32\WindowsPowerShell\v1.0\;C:\WINDOWS\System32\OpenSSH\;C:\Program Files\Java\jdk\bin;C:\Program Files\Java\jre\bin;C:\Program Files\Java\jdk\bin;D:\apache-maven-3.6.3\bin;C:\Program Files\Java\jdk\bin;D:\apache-maven-3.6.3\bin;C:\Program Files\MySQL\MySQL Shell 8.0\bin\;C:\Users\ayush\AppData\Local\Microsoft\WindowsApps;;C:\Users\ayush\Desktop;;."/>
    <property name="java.vendor" value="Oracle Corporation"/>
    <property name="java.vm.info" value="mixed mode"/>
    <property name="java.vm.version" value="10.0.2+13"/>
    <property name="sun.io.unicode.encoding" value="UnicodeLittle"/>
    <property name="java.class.version" value="54.0"/>
  </properties>
  <testcase name="Given User is at OKR login page" classname="| Automation Framework Implementation | Testing | Aspirational OKR | Himanshu Kumar | POC Complete |" time="0.002"/>
  <testcase name="Given User is at OKR login page" classname="| Automation Framework Implementation | Testing | Aspirational OKR | Himanshu Kumar | POC Complete |" time="0"/>
  <testcase name="When User Enter &quot;deepanjali.chaudhary@infoprolearning.com&quot; in Email field" classname="| Automation Framework Implementation | Testing | Aspirational OKR | Himanshu Kumar | POC Complete |" time="0"/>
  <testcase name="When User Enter &quot;deepanjali.chaudhary@infoprolearning.com&quot; in Email field" classname="| Automation Framework Implementation | Testing | Aspirational OKR | Himanshu Kumar | POC Complete |" time="0"/>
  <testcase name="And User Enter &quot;abcd@1234&quot; in Password field" classname="| Automation Framework Implementation | Testing | Aspirational OKR | Himanshu Kumar | POC Complete |" time="0"/>
  <testcase name="And User Enter &quot;abcd@1234&quot; in Password field" classname="| Automation Framework Implementation | Testing | Aspirational OKR | Himanshu Kumar | POC Complete |" time="0"/>
  <testcase name="And user click on Sign In Button" classname="| Automation Framework Implementation | Testing | Aspirational OKR | Himanshu Kumar | POC Complete |" time="0"/>
  <testcase name="And user click on Sign In Button" classname="| Automation Framework Implementation | Testing | Aspirational OKR | Himanshu Kumar | POC Complete |" time="0"/>
  <testcase name="Then login should be sucessful" classname="| Automation Framework Implementation | Testing | Aspirational OKR | Himanshu Kumar | POC Complete |" time="0"/>
  <testcase name="Then login should be sucessful" classname="| Automation Framework Implementation | Testing | Aspirational OKR | Himanshu Kumar | POC Complete |" time="0"/>
  <testcase name="Given User is at OKR Home page" classname="| Automation Framework Implementation | Testing | Aspirational OKR | Himanshu Kumar | POC Complete |" time="0"/>
  <testcase name="Given User is at OKR Home page" classname="| Automation Framework Implementation | Testing | Aspirational OKR | Himanshu Kumar | POC Complete |" time="0"/>
  <testcase name="When User click on New OKR tab" classname="| Automation Framework Implementation | Testing | Aspirational OKR | Himanshu Kumar | POC Complete |" time="0.04">
    <error message="element not visible&#10;  (Session info: chrome=81.0.4044.129)&#10;  (Driver info: chromedriver=2.40.565498 (ea082db3280dd6843ebfb08a625e3eb905c4f5ab),platform=Windows NT 10.0.18362 x86_64) (WARNING: The server did not provide any stacktrace information)&#10;Command duration or timeout: 0 milliseconds&#10;Build info: version: &apos;3.141.59&apos;, revision: &apos;e82be7d358&apos;, time: &apos;2018-11-14T08:17:03&apos;&#10;System info: host: &apos;DESKTOP-RCOJQB7&apos;, ip: &apos;192.168.0.107&apos;, os.name: &apos;Windows 10&apos;, os.arch: &apos;amd64&apos;, os.version: &apos;10.0&apos;, java.version: &apos;10.0.2&apos;&#10;Driver info: org.openqa.selenium.chrome.ChromeDriver&#10;Capabilities {acceptInsecureCerts: false, acceptSslCerts: false, applicationCacheEnabled: false, browserConnectionEnabled: false, browserName: chrome, chrome: {chromedriverVersion: 2.40.565498 (ea082db3280dd6..., userDataDir: C:\Users\ayush\AppData\Loca...}, cssSelectorsEnabled: true, databaseEnabled: false, handlesAlerts: true, hasTouchScreen: false, javascriptEnabled: true, locationContextEnabled: true, mobileEmulationEnabled: false, nativeEvents: true, networkConnectionEnabled: false, pageLoadStrategy: normal, platform: XP, platformName: XP, rotatable: false, setWindowRect: true, takesHeapSnapshot: true, takesScreenshot: true, unexpectedAlertBehaviour: , unhandledPromptBehavior: , version: 81.0.4044.129, webStorageEnabled: true}&#10;Session ID: caef9bf75c1a80bdab1c119dfb88edf9" type="org.openqa.selenium.ElementNotVisibleException">org.openqa.selenium.ElementNotVisibleException: 
element not visible
  (Session info: chrome=81.0.4044.129)
  (Driver info: chromedriver=2.40.565498 (ea082db3280dd6843ebfb08a625e3eb905c4f5ab),platform=Windows NT 10.0.18362 x86_64) (WARNING: The server did not provide any stacktrace information)
Command duration or timeout: 0 milliseconds
Build info: version: '3.141.59', revision: 'e82be7d358', time: '2018-11-14T08:17:03'
System info: host: 'DESKTOP-RCOJQB7', ip: '192.168.0.107', os.name: 'Windows 10', os.arch: 'amd64', os.version: '10.0', java.version: '10.0.2'
Driver info: org.openqa.selenium.chrome.ChromeDriver
Capabilities {acceptInsecureCerts: false, acceptSslCerts: false, applicationCacheEnabled: false, browserConnectionEnabled: false, browserName: chrome, chrome: {chromedriverVersion: 2.40.565498 (ea082db3280dd6..., userDataDir: C:\Users\ayush\AppData\Loca...}, cssSelectorsEnabled: true, databaseEnabled: false, handlesAlerts: true, hasTouchScreen: false, javascriptEnabled: true, locationContextEnabled: true, mobileEmulationEnabled: false, nativeEvents: true, networkConnectionEnabled: false, pageLoadStrategy: normal, platform: XP, platformName: XP, rotatable: false, setWindowRect: true, takesHeapSnapshot: true, takesScreenshot: true, unexpectedAlertBehaviour: , unhandledPromptBehavior: , version: 81.0.4044.129, webStorageEnabled: true}
Session ID: caef9bf75c1a80bdab1c119dfb88edf9
</error>
  </testcase>
  <testcase name="When User click on New OKR tab" classname="| Automation Framework Implementation | Testing | Aspirational OKR | Himanshu Kumar | POC Complete |" time="0"/>
  <testcase name="| Automation Framework Implementation | Testing | Aspirational OKR | Himanshu Kumar | POC Complete |" classname="| Automation Framework Implementation | Testing | Aspirational OKR | Himanshu Kumar | POC Complete |" time="0.041">
    <error message="element not visible&#10;  (Session info: chrome=81.0.4044.129)&#10;  (Driver info: chromedriver=2.40.565498 (ea082db3280dd6843ebfb08a625e3eb905c4f5ab),platform=Windows NT 10.0.18362 x86_64) (WARNING: The server did not provide any stacktrace information)&#10;Command duration or timeout: 0 milliseconds&#10;Build info: version: &apos;3.141.59&apos;, revision: &apos;e82be7d358&apos;, time: &apos;2018-11-14T08:17:03&apos;&#10;System info: host: &apos;DESKTOP-RCOJQB7&apos;, ip: &apos;192.168.0.107&apos;, os.name: &apos;Windows 10&apos;, os.arch: &apos;amd64&apos;, os.version: &apos;10.0&apos;, java.version: &apos;10.0.2&apos;&#10;Driver info: org.openqa.selenium.chrome.ChromeDriver&#10;Capabilities {acceptInsecureCerts: false, acceptSslCerts: false, applicationCacheEnabled: false, browserConnectionEnabled: false, browserName: chrome, chrome: {chromedriverVersion: 2.40.565498 (ea082db3280dd6..., userDataDir: C:\Users\ayush\AppData\Loca...}, cssSelectorsEnabled: true, databaseEnabled: false, handlesAlerts: true, hasTouchScreen: false, javascriptEnabled: true, locationContextEnabled: true, mobileEmulationEnabled: false, nativeEvents: true, networkConnectionEnabled: false, pageLoadStrategy: normal, platform: XP, platformName: XP, rotatable: false, setWindowRect: true, takesHeapSnapshot: true, takesScreenshot: true, unexpectedAlertBehaviour: , unhandledPromptBehavior: , version: 81.0.4044.129, webStorageEnabled: true}&#10;Session ID: caef9bf75c1a80bdab1c119dfb88edf9" type="org.openqa.selenium.ElementNotVisibleException">org.openqa.selenium.ElementNotVisibleException: 
element not visible
  (Session info: chrome=81.0.4044.129)
  (Driver info: chromedriver=2.40.565498 (ea082db3280dd6843ebfb08a625e3eb905c4f5ab),platform=Windows NT 10.0.18362 x86_64) (WARNING: The server did not provide any stacktrace information)
Command duration or timeout: 0 milliseconds
Build info: version: '3.141.59', revision: 'e82be7d358', time: '2018-11-14T08:17:03'
System info: host: 'DESKTOP-RCOJQB7', ip: '192.168.0.107', os.name: 'Windows 10', os.arch: 'amd64', os.version: '10.0', java.version: '10.0.2'
Driver info: org.openqa.selenium.chrome.ChromeDriver
Capabilities {acceptInsecureCerts: false, acceptSslCerts: false, applicationCacheEnabled: false, browserConnectionEnabled: false, browserName: chrome, chrome: {chromedriverVersion: 2.40.565498 (ea082db3280dd6..., userDataDir: C:\Users\ayush\AppData\Loca...}, cssSelectorsEnabled: true, databaseEnabled: false, handlesAlerts: true, hasTouchScreen: false, javascriptEnabled: true, locationContextEnabled: true, mobileEmulationEnabled: false, nativeEvents: true, networkConnectionEnabled: false, pageLoadStrategy: normal, platform: XP, platformName: XP, rotatable: false, setWindowRect: true, takesHeapSnapshot: true, takesScreenshot: true, unexpectedAlertBehaviour: , unhandledPromptBehavior: , version: 81.0.4044.129, webStorageEnabled: true}
Session ID: caef9bf75c1a80bdab1c119dfb88edf9
</error>
  </testcase>
  <testcase name="| Automation Framework Implementation | Testing | Aspirational OKR | Himanshu Kumar | POC Complete |" classname="| Automation Framework Implementation | Testing | Aspirational OKR | Himanshu Kumar | POC Complete |" time="0">
    <skipped/>
  </testcase>
  <testcase name="| Automation Framework Implementation | Testing | Aspirational OKR | Himanshu Kumar | POC Complete |" classname="| Automation Framework Implementation | Testing | Aspirational OKR | Himanshu Kumar | POC Complete |" time="0.001"/>
  <testcase name="Then User should be at create new okr page" classname="| Automation Framework Implementation | Testing | Aspirational OKR | Himanshu Kumar | POC Complete |" time="0">
    <skipped/>
  </testcase>
  <testcase name="Then User should be at create new okr page" classname="| Automation Framework Implementation | Testing | Aspirational OKR | Himanshu Kumar | POC Complete |" time="0"/>
  <testcase name="And User clicks on Create New Objective" classname="| Automation Framework Implementation | Testing | Aspirational OKR | Himanshu Kumar | POC Complete |" time="0">
    <skipped/>
  </testcase>
  <testcase name="And User clicks on Create New Objective" classname="| Automation Framework Implementation | Testing | Aspirational OKR | Himanshu Kumar | POC Complete |" time="0"/>
  <testcase name="And User enter &quot;Automation Framework Implementation&quot; in Objective field" classname="| Automation Framework Implementation | Testing | Aspirational OKR | Himanshu Kumar | POC Complete |" time="0">
    <skipped/>
  </testcase>
  <testcase name="And User enter &quot;Automation Framework Implementation&quot; in Objective field" classname="| Automation Framework Implementation | Testing | Aspirational OKR | Himanshu Kumar | POC Complete |" time="0"/>
  <testcase name="And User enter &quot;Testing&quot; in type of short description for objective field" classname="| Automation Framework Implementation | Testing | Aspirational OKR | Himanshu Kumar | POC Complete |" time="0">
    <skipped/>
  </testcase>
  <testcase name="And User enter &quot;Testing&quot; in type of short description for objective field" classname="| Automation Framework Implementation | Testing | Aspirational OKR | Himanshu Kumar | POC Complete |" time="0"/>
  <testcase name="And User select &quot;Aspirational OKR&quot; in type of objective field" classname="| Automation Framework Implementation | Testing | Aspirational OKR | Himanshu Kumar | POC Complete |" time="0">
    <skipped/>
  </testcase>
  <testcase name="And User select &quot;Aspirational OKR&quot; in type of objective field" classname="| Automation Framework Implementation | Testing | Aspirational OKR | Himanshu Kumar | POC Complete |" time="0"/>
  <testcase name="And user select &quot;Himanshu Kumar&quot; in align manager field" classname="| Automation Framework Implementation | Testing | Aspirational OKR | Himanshu Kumar | POC Complete |" time="0">
    <skipped/>
  </testcase>
  <testcase name="And user select &quot;Himanshu Kumar&quot; in align manager field" classname="| Automation Framework Implementation | Testing | Aspirational OKR | Himanshu Kumar | POC Complete |" time="0"/>
  <testcase name="And user add &quot;POC Complete&quot; in key field" classname="| Automation Framework Implementation | Testing | Aspirational OKR | Himanshu Kumar | POC Complete |" time="0">
    <skipped/>
  </testcase>
  <testcase name="And user add &quot;POC Complete&quot; in key field" classname="| Automation Framework Implementation | Testing | Aspirational OKR | Himanshu Kumar | POC Complete |" time="0"/>
  <testcase name="And Click on Save button" classname="| Automation Framework Implementation | Testing | Aspirational OKR | Himanshu Kumar | POC Complete |" time="0">
    <skipped/>
  </testcase>
  <testcase name="Then User should be navigated to home page and &quot;Automation Framework Implementation&quot; should have been created" classname="| Automation Framework Implementation | Testing | Aspirational OKR | Himanshu Kumar | POC Complete |" time="0">
    <skipped/>
  </testcase>
  <testcase name="Given User is at OKR login page" classname="| Automation Framework Implementation | Testing | Aspirational OKR | Himanshu Kumar |" time="0"/>
  <testcase name="When User Enter &quot;deepanjali.chaudhary@infoprolearning.com&quot; in Email field" classname="| Automation Framework Implementation | Testing | Aspirational OKR | Himanshu Kumar |" time="0"/>
  <testcase name="And User Enter &quot;abcd@1234&quot; in Password field" classname="| Automation Framework Implementation | Testing | Aspirational OKR | Himanshu Kumar |" time="0"/>
  <testcase name="And user click on Sign In Button" classname="| Automation Framework Implementation | Testing | Aspirational OKR | Himanshu Kumar |" time="0"/>
  <testcase name="Then login should be sucessful" classname="| Automation Framework Implementation | Testing | Aspirational OKR | Himanshu Kumar |" time="0"/>
  <testcase name="Given User is at OKR Home page" classname="| Automation Framework Implementation | Testing | Aspirational OKR | Himanshu Kumar |" time="0"/>
  <testcase name="When User click on New OKR tab" classname="| Automation Framework Implementation | Testing | Aspirational OKR | Himanshu Kumar |" time="0.05">
    <error message="element not visible&#10;  (Session info: chrome=81.0.4044.129)&#10;  (Driver info: chromedriver=2.40.565498 (ea082db3280dd6843ebfb08a625e3eb905c4f5ab),platform=Windows NT 10.0.18362 x86_64) (WARNING: The server did not provide any stacktrace information)&#10;Command duration or timeout: 0 milliseconds&#10;Build info: version: &apos;3.141.59&apos;, revision: &apos;e82be7d358&apos;, time: &apos;2018-11-14T08:17:03&apos;&#10;System info: host: &apos;DESKTOP-RCOJQB7&apos;, ip: &apos;192.168.0.107&apos;, os.name: &apos;Windows 10&apos;, os.arch: &apos;amd64&apos;, os.version: &apos;10.0&apos;, java.version: &apos;10.0.2&apos;&#10;Driver info: org.openqa.selenium.chrome.ChromeDriver&#10;Capabilities {acceptInsecureCerts: false, acceptSslCerts: false, applicationCacheEnabled: false, browserConnectionEnabled: false, browserName: chrome, chrome: {chromedriverVersion: 2.40.565498 (ea082db3280dd6..., userDataDir: C:\Users\ayush\AppData\Loca...}, cssSelectorsEnabled: true, databaseEnabled: false, handlesAlerts: true, hasTouchScreen: false, javascriptEnabled: true, locationContextEnabled: true, mobileEmulationEnabled: false, nativeEvents: true, networkConnectionEnabled: false, pageLoadStrategy: normal, platform: XP, platformName: XP, rotatable: false, setWindowRect: true, takesHeapSnapshot: true, takesScreenshot: true, unexpectedAlertBehaviour: , unhandledPromptBehavior: , version: 81.0.4044.129, webStorageEnabled: true}&#10;Session ID: 1519653b63e51185ec542d5930b2d230" type="org.openqa.selenium.ElementNotVisibleException">org.openqa.selenium.ElementNotVisibleException: 
element not visible
  (Session info: chrome=81.0.4044.129)
  (Driver info: chromedriver=2.40.565498 (ea082db3280dd6843ebfb08a625e3eb905c4f5ab),platform=Windows NT 10.0.18362 x86_64) (WARNING: The server did not provide any stacktrace information)
Command duration or timeout: 0 milliseconds
Build info: version: '3.141.59', revision: 'e82be7d358', time: '2018-11-14T08:17:03'
System info: host: 'DESKTOP-RCOJQB7', ip: '192.168.0.107', os.name: 'Windows 10', os.arch: 'amd64', os.version: '10.0', java.version: '10.0.2'
Driver info: org.openqa.selenium.chrome.ChromeDriver
Capabilities {acceptInsecureCerts: false, acceptSslCerts: false, applicationCacheEnabled: false, browserConnectionEnabled: false, browserName: chrome, chrome: {chromedriverVersion: 2.40.565498 (ea082db3280dd6..., userDataDir: C:\Users\ayush\AppData\Loca...}, cssSelectorsEnabled: true, databaseEnabled: false, handlesAlerts: true, hasTouchScreen: false, javascriptEnabled: true, locationContextEnabled: true, mobileEmulationEnabled: false, nativeEvents: true, networkConnectionEnabled: false, pageLoadStrategy: normal, platform: XP, platformName: XP, rotatable: false, setWindowRect: true, takesHeapSnapshot: true, takesScreenshot: true, unexpectedAlertBehaviour: , unhandledPromptBehavior: , version: 81.0.4044.129, webStorageEnabled: true}
Session ID: 1519653b63e51185ec542d5930b2d230
</error>
  </testcase>
  <testcase name="| Automation Framework Implementation | Testing | Aspirational OKR | Himanshu Kumar |" classname="| Automation Framework Implementation | Testing | Aspirational OKR | Himanshu Kumar |" time="0.05">
    <error message="element not visible&#10;  (Session info: chrome=81.0.4044.129)&#10;  (Driver info: chromedriver=2.40.565498 (ea082db3280dd6843ebfb08a625e3eb905c4f5ab),platform=Windows NT 10.0.18362 x86_64) (WARNING: The server did not provide any stacktrace information)&#10;Command duration or timeout: 0 milliseconds&#10;Build info: version: &apos;3.141.59&apos;, revision: &apos;e82be7d358&apos;, time: &apos;2018-11-14T08:17:03&apos;&#10;System info: host: &apos;DESKTOP-RCOJQB7&apos;, ip: &apos;192.168.0.107&apos;, os.name: &apos;Windows 10&apos;, os.arch: &apos;amd64&apos;, os.version: &apos;10.0&apos;, java.version: &apos;10.0.2&apos;&#10;Driver info: org.openqa.selenium.chrome.ChromeDriver&#10;Capabilities {acceptInsecureCerts: false, acceptSslCerts: false, applicationCacheEnabled: false, browserConnectionEnabled: false, browserName: chrome, chrome: {chromedriverVersion: 2.40.565498 (ea082db3280dd6..., userDataDir: C:\Users\ayush\AppData\Loca...}, cssSelectorsEnabled: true, databaseEnabled: false, handlesAlerts: true, hasTouchScreen: false, javascriptEnabled: true, locationContextEnabled: true, mobileEmulationEnabled: false, nativeEvents: true, networkConnectionEnabled: false, pageLoadStrategy: normal, platform: XP, platformName: XP, rotatable: false, setWindowRect: true, takesHeapSnapshot: true, takesScreenshot: true, unexpectedAlertBehaviour: , unhandledPromptBehavior: , version: 81.0.4044.129, webStorageEnabled: true}&#10;Session ID: 1519653b63e51185ec542d5930b2d230" type="org.openqa.selenium.ElementNotVisibleException">org.openqa.selenium.ElementNotVisibleException: 
element not visible
  (Session info: chrome=81.0.4044.129)
  (Driver info: chromedriver=2.40.565498 (ea082db3280dd6843ebfb08a625e3eb905c4f5ab),platform=Windows NT 10.0.18362 x86_64) (WARNING: The server did not provide any stacktrace information)
Command duration or timeout: 0 milliseconds
Build info: version: '3.141.59', revision: 'e82be7d358', time: '2018-11-14T08:17:03'
System info: host: 'DESKTOP-RCOJQB7', ip: '192.168.0.107', os.name: 'Windows 10', os.arch: 'amd64', os.version: '10.0', java.version: '10.0.2'
Driver info: org.openqa.selenium.chrome.ChromeDriver
Capabilities {acceptInsecureCerts: false, acceptSslCerts: false, applicationCacheEnabled: false, browserConnectionEnabled: false, browserName: chrome, chrome: {chromedriverVersion: 2.40.565498 (ea082db3280dd6..., userDataDir: C:\Users\ayush\AppData\Loca...}, cssSelectorsEnabled: true, databaseEnabled: false, handlesAlerts: true, hasTouchScreen: false, javascriptEnabled: true, locationContextEnabled: true, mobileEmulationEnabled: false, nativeEvents: true, networkConnectionEnabled: false, pageLoadStrategy: normal, platform: XP, platformName: XP, rotatable: false, setWindowRect: true, takesHeapSnapshot: true, takesScreenshot: true, unexpectedAlertBehaviour: , unhandledPromptBehavior: , version: 81.0.4044.129, webStorageEnabled: true}
Session ID: 1519653b63e51185ec542d5930b2d230
</error>
  </testcase>
  <testcase name="Then User should be at create new okr page" classname="| Automation Framework Implementation | Testing | Aspirational OKR | Himanshu Kumar |" time="0">
    <skipped/>
  </testcase>
  <testcase name="And User clicks on Create New Objective" classname="| Automation Framework Implementation | Testing | Aspirational OKR | Himanshu Kumar |" time="0">
    <skipped/>
  </testcase>
  <testcase name="And User enter &quot;Automation Framework Implementation&quot; in Objective field" classname="| Automation Framework Implementation | Testing | Aspirational OKR | Himanshu Kumar |" time="0">
    <skipped/>
  </testcase>
  <testcase name="And User enter &quot;Testing&quot; in type of short description for objective field" classname="| Automation Framework Implementation | Testing | Aspirational OKR | Himanshu Kumar |" time="0">
    <skipped/>
  </testcase>
  <testcase name="And User select &quot;Aspirational OKR&quot; in type of objective field" classname="| Automation Framework Implementation | Testing | Aspirational OKR | Himanshu Kumar |" time="0">
    <skipped/>
  </testcase>
  <testcase name="And user select &quot;Himanshu Kumar&quot; in align manager field" classname="| Automation Framework Implementation | Testing | Aspirational OKR | Himanshu Kumar |" time="0">
    <skipped/>
  </testcase>
  <testcase name="And user add following in key field" classname="| Automation Framework Implementation | Testing | Aspirational OKR | Himanshu Kumar |" time="0">
    <skipped/>
  </testcase>
  <testcase name="And Click on Save button" classname="| Automation Framework Implementation | Testing | Aspirational OKR | Himanshu Kumar |" time="0">
    <skipped/>
  </testcase>
  <testcase name="Then User should be navigated to home page and objective should have been created" classname="| Automation Framework Implementation | Testing | Aspirational OKR | Himanshu Kumar |" time="0">
    <skipped/>
  </testcase>
  <testcase name="And Click on Save And Add New button" classname="| Automation Framework Implementation | Testing | Aspirational OKR | Himanshu Kumar | POC Complete |" time="0">
    <skipped/>
  </testcase>
  <testcase name="And User should be able to add another Objective" classname="| Automation Framework Implementation | Testing | Aspirational OKR | Himanshu Kumar | POC Complete |" time="0">
    <skipped/>
  </testcase>
  <testcase name="Then User should be navigated to home page and objective should have been created" classname="| Automation Framework Implementation | Testing | Aspirational OKR | Himanshu Kumar | POC Complete |" time="0">
    <skipped/>
  </testcase>
</testsuite>